{"name": "test_user_name_or_password_is_incorrect[chromium]", "status": "failed", "statusDetails": {"message": "AssertionError: Locator expected to be visible\nActual value: <element(s) not found> \nCall log:\n  - Expect \"to_be_visible\" with timeout 5000ms\n  - waiting for locator(\"[data-test=\\\"login-credentials\\\"]\")", "trace": "login_page = <pages.login_page.LoginPage object at 0x000001BFD0EFBC50>, page = <Page url='about:blank'>\n\n    def test_user_name_or_password_is_incorrect(login_page, page) -> None:\n        #login_page.navigate_to()\n>       login_page.expect_login_credentials_visible()\n\ntests\\ui\\test_login_negative.py:18: \n_ _ _ _ _ _ _ _ _ _ _ _ _ _ _ _ _ _ _ _ _ _ _ _ _ _ _ _ _ _ _ _ _ _ _ _ _ _ _ _ _ _ _ _ _ _ _ _ _ _ _ _ _ _ _ _ _ _ _ _ _ _ _ _ _ _ _ _ _ _ _ _ _ \n\nself = <pages.login_page.LoginPage object at 0x000001BFD0EFBC50>\n\n    def expect_login_credentials_visible(self):\n        with allure.step(\"Expecting login credentials section to be visible\"):\n>           expect(self.__login_credentials).to_be_visible()\nE           AssertionError: Locator expected to be visible\nE           Actual value: <element(s) not found> \nE           Call log:\nE             - Expect \"to_be_visible\" with timeout 5000ms\nE             - waiting for locator(\"[data-test=\\\"login-credentials\\\"]\")\n\npages\\login_page.py:37: AssertionError"}, "steps": [{"name": "Expecting login credentials section to be visible", "status": "failed", "statusDetails": {"message": "AssertionError: Locator expected to be visible\nActual value: <element(s) not found> \nCall log:\n  - Expect \"to_be_visible\" with timeout 5000ms\n  - waiting for locator(\"[data-test=\\\"login-credentials\\\"]\")\n\n", "trace": "  File \"C:\\Users\\1\\winnerit\\PlaywrightProject\\pages\\login_page.py\", line 37, in expect_login_credentials_visible\n    expect(self.__login_credentials).to_be_visible()\n  File \"C:\\Users\\1\\winnerit\\PlaywrightProject\\.venv\\Lib\\site-packages\\playwright\\sync_api\\_generated.py\", line 20382, in to_be_visible\n    self._sync(self._impl_obj.to_be_visible(visible=visible, timeout=timeout))\n  File \"C:\\Users\\1\\winnerit\\PlaywrightProject\\.venv\\Lib\\site-packages\\playwright\\_impl\\_sync_base.py\", line 115, in _sync\n    return task.result()\n           ^^^^^^^^^^^^^\n  File \"C:\\Users\\1\\winnerit\\PlaywrightProject\\.venv\\Lib\\site-packages\\playwright\\_impl\\_assertions.py\", line 741, in to_be_visible\n    await self._expect_impl(\n  File \"C:\\Users\\1\\winnerit\\PlaywrightProject\\.venv\\Lib\\site-packages\\playwright\\_impl\\_assertions.py\", line 75, in _expect_impl\n    raise AssertionError(\n"}, "start": 1752508928623, "stop": 1752508933638}], "parameters": [{"name": "browser_name", "value": "'chromium'"}], "start": 1752508928623, "stop": 1752508933639, "uuid": "620918c5-944a-4a63-9ddd-371a7cf9df12", "historyId": "27258c9c8438a5182580995f57c489a2", "testCaseId": "ec230894ffcdfc34bec1d8831fecbc16", "fullName": "tests.ui.test_login_negative#test_user_name_or_password_is_incorrect", "labels": [{"name": "parentSuite", "value": "tests.ui"}, {"name": "suite", "value": "test_login_negative"}, {"name": "host", "value": "DESKTOP-IQUC79O"}, {"name": "thread", "value": "5020-MainThread"}, {"name": "framework", "value": "pytest"}, {"name": "language", "value": "cpython3"}, {"name": "package", "value": "tests.ui.test_login_negative"}]}